<?xml version="1.0" encoding="UTF-8"?>
<!-- Generated by org.testng.reporters.JUnitReportReporter -->
<testsuite skipped="0" hostname="TECH-ASALAMA" name="testPackage.ShoppingCartTest" tests="14" failures="1" timestamp="2021-01-03T04:31:04 EET" time="176.004" errors="0">
  <testcase name="AddSingleProductAddToCart" time="26.241" classname="testPackage.ShoppingCartTest"/>
  <testcase name="guestCheckout" time="19.721" classname="testPackage.ShoppingCartTest"/>
  <testcase name="registeredUserCheckOut" time="11.569" classname="testPackage.ShoppingCartTest"/>
  <testcase name="checkTheAvailableShippingOptions" time="11.651" classname="testPackage.ShoppingCartTest"/>
  <testcase name="editQuantityByIncrease" time="13.684" classname="testPackage.ShoppingCartTest"/>
  <testcase name="checkoutWithAcceptingTerms" time="15.336" classname="testPackage.ShoppingCartTest"/>
  <testcase name="editQuantityBydecrease" time="14.878" classname="testPackage.ShoppingCartTest"/>
  <testcase name="checkoutWithNotAcceptingTerms" time="12.524" classname="testPackage.ShoppingCartTest"/>
  <testcase name="checkTheAvailablePaymentMethods" time="7.484" classname="testPackage.ShoppingCartTest"/>
  <testcase name="checkPayByCheck" time="9.361" classname="testPackage.ShoppingCartTest"/>
  <testcase name="AddMultipleProductAddToCart" time="9.299" classname="testPackage.ShoppingCartTest"/>
  <testcase name="checkPayByBankWire" time="9.279" classname="testPackage.ShoppingCartTest"/>
  <testcase name="checkPaymentConfirmation" time="10.844" classname="testPackage.ShoppingCartTest"/>
  <testcase name="removeProductFromCart" time="4.133" classname="testPackage.ShoppingCartTest">
    <failure type="java.lang.AssertionError" message="expected [] but found [Your shopping cart is empty.]">
      <![CDATA[java.lang.AssertionError: expected [] but found [Your shopping cart is empty.]
at org.testng.Assert.fail(Assert.java:97)
at org.testng.Assert.assertEqualsImpl(Assert.java:136)
at org.testng.Assert.assertEquals(Assert.java:118)
at org.testng.Assert.assertEquals(Assert.java:575)
at org.testng.Assert.assertEquals(Assert.java:585)
at objectModels.CartCheckoutPage.assertThatCartIsEmpty(CartCheckoutPage.java:74)
at testPackage.ShoppingCartTest.removeProductFromCart(ShoppingCartTest.java:224)
at sun.reflect.NativeMethodAccessorImpl.invoke0(Native Method)
at sun.reflect.NativeMethodAccessorImpl.invoke(Unknown Source)
at sun.reflect.DelegatingMethodAccessorImpl.invoke(Unknown Source)
at java.lang.reflect.Method.invoke(Unknown Source)
at org.testng.internal.MethodInvocationHelper.invokeMethod(MethodInvocationHelper.java:133)
at org.testng.internal.TestInvoker.invokeMethod(TestInvoker.java:584)
at org.testng.internal.TestInvoker.invokeTestMethod(TestInvoker.java:172)
at org.testng.internal.MethodRunner.runInSequence(MethodRunner.java:46)
at org.testng.internal.TestInvoker$MethodInvocationAgent.invoke(TestInvoker.java:804)
at org.testng.internal.TestInvoker.invokeTestMethods(TestInvoker.java:145)
at org.testng.internal.TestMethodWorker.invokeTestMethods(TestMethodWorker.java:146)
at org.testng.internal.TestMethodWorker.run(TestMethodWorker.java:128)
at java.util.ArrayList.forEach(Unknown Source)
at org.testng.TestRunner.privateRun(TestRunner.java:770)
at org.testng.TestRunner.run(TestRunner.java:591)
at org.testng.SuiteRunner.runTest(SuiteRunner.java:402)
at org.testng.SuiteRunner.runSequentially(SuiteRunner.java:396)
at org.testng.SuiteRunner.privateRun(SuiteRunner.java:355)
at org.testng.SuiteRunner.run(SuiteRunner.java:304)
at org.testng.SuiteRunnerWorker.runSuite(SuiteRunnerWorker.java:53)
at org.testng.SuiteRunnerWorker.run(SuiteRunnerWorker.java:96)
at org.testng.TestNG.runSuitesSequentially(TestNG.java:1180)
at org.testng.TestNG.runSuitesLocally(TestNG.java:1102)
at org.testng.TestNG.runSuites(TestNG.java:1032)
at org.testng.TestNG.run(TestNG.java:1000)
at org.testng.remote.AbstractRemoteTestNG.run(AbstractRemoteTestNG.java:115)
at org.testng.remote.RemoteTestNG.initAndRun(RemoteTestNG.java:251)
at org.testng.remote.RemoteTestNG.main(RemoteTestNG.java:77)
]]>
    </failure>
  </testcase> <!-- removeProductFromCart -->
</testsuite> <!-- testPackage.ShoppingCartTest -->
